<?xml version="1.0" encoding="UTF-8"?>
<testsuite xmlns:xsi="http://www.w3.org/2001/XMLSchema-instance" xsi:noNamespaceSchemaLocation="https://maven.apache.org/surefire/maven-surefire-plugin/xsd/surefire-test-report-3.0.xsd" version="3.0" name="eci.edu.cvds.tdd.registry.RegistryTest" time="0.001" tests="8" errors="0" skipped="0" failures="0">
  <properties>
[...]
</properties>
  <testcase name="validateUnderAge" classname="eci.edu.cvds.tdd.registry.RegistryTest" time="0.0"/>
  <testcase name="validateAlive" classname="eci.edu.cvds.tdd.registry.RegistryTest" time="0.0"/>
  <testcase name="validateOverAge" classname="eci.edu.cvds.tdd.registry.RegistryTest" time="0.0"/>
  <testcase name="validateGender" classname="eci.edu.cvds.tdd.registry.RegistryTest" time="0.0"/>
  <testcase name="validateId" classname="eci.edu.cvds.tdd.registry.RegistryTest" time="0.0"/>
  <testcase name="validateRegistryResult" classname="eci.edu.cvds.tdd.registry.RegistryTest" time="0.0"/>
  <testcase name="DuplicatedId" classname="eci.edu.cvds.tdd.registry.RegistryTest" time="0.0"/>
  <testcase name="validateEmptyName" classname="eci.edu.cvds.tdd.registry.RegistryTest" time="0.0"/>
</testsuite>